INFO [2025-01-28 01:30:55] [[1]]
INFO [2025-01-28 01:30:55] significant_genes
INFO [2025-01-28 01:30:55] 
INFO [2025-01-28 01:30:55] $filename
INFO [2025-01-28 01:30:55] file.path(output_dir, "venn_diagram.png")
INFO [2025-01-28 01:30:55] 
INFO [2025-01-28 01:30:55] $fill
INFO [2025-01-28 01:30:55] c("blue", "green")
INFO [2025-01-28 01:30:55] 
INFO [2025-01-28 01:30:55] $alpha
INFO [2025-01-28 01:30:55] [1] 0.5
INFO [2025-01-28 01:30:55] 
INFO [2025-01-28 01:30:55] $cat.col
INFO [2025-01-28 01:30:55] c("blue", "green")
INFO [2025-01-28 01:30:55] 
INFO [2025-01-28 01:30:55] $cat.cex
INFO [2025-01-28 01:30:55] [1] 1.5
INFO [2025-01-28 01:30:55] 
INFO [2025-01-28 01:30:55] $main
INFO [2025-01-28 01:30:55] [1] "Porównanie genów istotnych (FDR < 0.05)"
INFO [2025-01-28 01:30:55] 
