INFO [2025-01-28 02:24:40] [[1]]
INFO [2025-01-28 02:24:40] significant_genes
INFO [2025-01-28 02:24:40] 
INFO [2025-01-28 02:24:40] $filename
INFO [2025-01-28 02:24:40] file.path(output_dir, "venn_diagram.png")
INFO [2025-01-28 02:24:40] 
INFO [2025-01-28 02:24:40] $fill
INFO [2025-01-28 02:24:40] c("blue", "green")
INFO [2025-01-28 02:24:40] 
INFO [2025-01-28 02:24:40] $alpha
INFO [2025-01-28 02:24:40] [1] 0.5
INFO [2025-01-28 02:24:40] 
INFO [2025-01-28 02:24:40] $cat.col
INFO [2025-01-28 02:24:40] c("blue", "green")
INFO [2025-01-28 02:24:40] 
INFO [2025-01-28 02:24:40] $cat.cex
INFO [2025-01-28 02:24:40] [1] 1.5
INFO [2025-01-28 02:24:40] 
INFO [2025-01-28 02:24:40] $main
INFO [2025-01-28 02:24:40] [1] "Porównanie genów istotnych (FDR < 0.05)"
INFO [2025-01-28 02:24:40] 
